 
Reading Problem 
Problem Statistics
           0 (      0 spare) rows
           0 (      0 spare) structural columns
           0 (      0 spare) non-zero elements
Global Statistics
           0 entities        0 sets        0 set members
 
Reading Problem 
Problem Statistics
           0 (      0 spare) rows
           0 (      0 spare) structural columns
           0 (      0 spare) non-zero elements
Global Statistics
           0 entities        0 sets        0 set members
FICO Xpress v8.9.0, Hyper, solve started 9:51:30, Jul 24, 2020
Heap usage: 1106KB (peak 1135KB, 1635KB system)
Maximizing MILP 
Original problem has:
      4352 rows         1240 cols        12556 elements       744 globals
Presolved problem has:
      1415 rows          403 cols         3799 elements        15 globals
LP relaxation tightened
Presolve finished in 0 seconds
Heap usage: 1445KB (peak 3382KB, 1637KB system)

Coefficient range                    original                 solved        
  Coefficients   [min,max] : [ 4.69e-04,  1.42e+00] / [ 3.58e-03,  1.00e+00]
  RHS and bounds [min,max] : [ 2.01e-02,  4.73e+03] / [ 2.45e-01,  5.10e+03]
  Objective      [min,max] : [ 1.92e+00,  1.92e+00] / [ 1.92e+00,  1.92e+00]
Autoscaling applied standard scaling

Symmetric problem: generators: 1, support set: 6
 Number of orbits: 3, largest orbit: 2
 Row orbits: 1, row support: 2
Will try to keep branch and bound tree memory usage below 6.0GB
Fixed 388 (of 388) columns in 1 (of 1) subproblem

Starting concurrent solve with dual

 Concurrent-Solve,   0s
            Dual        
    objective   dual inf
 D  110815.69   .0000000
------- optimal --------
Concurrent statistics:
      Dual: 5 simplex iterations, 0.00s
Optimal solution found
 
   Its         Obj Value      S   Ninf  Nneg   Sum Dual Inf  Time
     5       110815.6911      D      0     0        .000000     0
Dual solved problem
  5 simplex iterations in 0s

Final objective                       : 1.108156911270505e+05
  Max primal violation      (abs/rel) :       0.0 /       0.0
  Max dual violation        (abs/rel) :       0.0 /       0.0
  Max complementarity viol. (abs/rel) :       0.0 /       0.0

Starting root cutting & heuristics
 
 Its Type    BestSoln    BestBound   Sols    Add    Del     Gap     GInf   Time
c         110815.6911  110815.6911      1                  0.00%       0      0
 *** Search completed ***
Uncrunching matrix
Final MIP objective                   : 1.108156911270505e+05
Final MIP bound                       : 1.108156911270505e+05
  Solution time / primaldual integral :         0s/ 99.778876%
  Number of solutions found / nodes   :         1 /         1
  Max primal violation      (abs/rel) : 9.095e-13 / 9.095e-13
  Max integer violation     (abs    ) :       0.0
 
Reading Problem 
Problem Statistics
           0 (      0 spare) rows
           0 (      0 spare) structural columns
           0 (      0 spare) non-zero elements
Global Statistics
           0 entities        0 sets        0 set members
 
Reading Problem 
Problem Statistics
           0 (      0 spare) rows
           0 (      0 spare) structural columns
           0 (      0 spare) non-zero elements
Global Statistics
           0 entities        0 sets        0 set members
FICO Xpress v8.9.0, Hyper, solve started 16:37:32, Jul 30, 2020
Heap usage: 1082KB (peak 1111KB, 1635KB system)
Maximizing MILP 
Original problem has:
      4337 rows          775 cols        12187 elements       279 globals
Presolved problem has:
      1406 rows          388 cols         3762 elements         0 globals
LP relaxation tightened
Presolve finished in 0 seconds
Heap usage: 1242KB (peak 3137KB, 1637KB system)

Coefficient range                    original                 solved        
  Coefficients   [min,max] : [ 4.69e-04,  1.42e+00] / [ 3.58e-03,  1.00e+00]
  RHS and bounds [min,max] : [ 2.01e-02,  4.73e+03] / [ 2.45e-01,  5.10e+03]
  Objective      [min,max] : [ 1.92e+00,  1.92e+00] / [ 1.92e+00,  1.92e+00]
Autoscaling applied standard scaling

Will try to keep branch and bound tree memory usage below 6.0GB
Starting concurrent solve with dual

 Concurrent-Solve,   0s
            Dual        
    objective   sum inf 
 P  110815.69   .0000000
------- optimal --------
Concurrent statistics:
      Dual: 640 simplex iterations, 0.01s
Optimal solution found
 
   Its         Obj Value      S   Ninf  Nneg        Sum Inf  Time
   640       110815.6911      P      0     0        .000000     0
Dual solved problem
  640 simplex iterations in 0s

Final objective                       : 1.108156911270505e+05
  Max primal violation      (abs/rel) :       0.0 /       0.0
  Max dual violation        (abs/rel) :       0.0 /       0.0
  Max complementarity viol. (abs/rel) :       0.0 /       0.0

Starting root cutting & heuristics
 
 Its Type    BestSoln    BestBound   Sols    Add    Del     Gap     GInf   Time
c         110815.6911  110815.6911      1                  0.00%       0      0
 *** Search completed ***
Uncrunching matrix
Final MIP objective                   : 1.108156911270505e+05
Final MIP bound                       : 1.108156911270505e+05
  Solution time / primaldual integral :         0s/ 99.527415%
  Number of solutions found / nodes   :         1 /         1
  Max primal violation      (abs/rel) : 9.095e-13 / 9.095e-13
  Max integer violation     (abs    ) :       0.0
 
Reading Problem 
Problem Statistics
           0 (      0 spare) rows
           0 (      0 spare) structural columns
           0 (      0 spare) non-zero elements
Global Statistics
           0 entities        0 sets        0 set members
 
Reading Problem 
Problem Statistics
           0 (      0 spare) rows
           0 (      0 spare) structural columns
           0 (      0 spare) non-zero elements
Global Statistics
           0 entities        0 sets        0 set members
FICO Xpress v8.9.0, Hyper, solve started 12:42:18, Aug 6, 2020
Heap usage: 1106KB (peak 1135KB, 1635KB system)
Maximizing MILP 
Original problem has:
      4352 rows         1240 cols        12577 elements       744 globals
Presolved problem has:
      1406 rows          388 cols         3762 elements         0 globals
LP relaxation tightened
Presolve finished in 0 seconds
Heap usage: 1411KB (peak 3384KB, 1637KB system)

Coefficient range                    original                 solved        
  Coefficients   [min,max] : [ 4.69e-04,  1.42e+00] / [ 3.58e-03,  1.00e+00]
  RHS and bounds [min,max] : [ 2.01e-02,  4.73e+03] / [ 2.45e-01,  5.10e+03]
  Objective      [min,max] : [ 1.92e+00,  1.92e+00] / [ 1.92e+00,  1.92e+00]
Autoscaling applied standard scaling

Will try to keep branch and bound tree memory usage below 4.7GB
Starting concurrent solve with dual

 Concurrent-Solve,   0s
            Dual        
    objective   sum inf 
 P  110815.69   .0000000
------- optimal --------
Concurrent statistics:
      Dual: 640 simplex iterations, 0.01s
Optimal solution found
 
   Its         Obj Value      S   Ninf  Nneg        Sum Inf  Time
   640       110815.6911      P      0     0        .000000     0
Dual solved problem
  640 simplex iterations in 0s

Final objective                       : 1.108156911270505e+05
  Max primal violation      (abs/rel) :       0.0 /       0.0
  Max dual violation        (abs/rel) :       0.0 /       0.0
  Max complementarity viol. (abs/rel) :       0.0 /       0.0

Starting root cutting & heuristics
 
 Its Type    BestSoln    BestBound   Sols    Add    Del     Gap     GInf   Time
c         110815.6911  110815.6911      1                  0.00%       0      0
 *** Search completed ***
Uncrunching matrix
Final MIP objective                   : 1.108156911270505e+05
Final MIP bound                       : 1.108156911270505e+05
  Solution time / primaldual integral :         0s/ 99.715501%
  Number of solutions found / nodes   :         1 /         1
  Max primal violation      (abs/rel) : 9.095e-13 / 9.095e-13
  Max integer violation     (abs    ) :       0.0
 
Reading Problem 
Problem Statistics
           0 (      0 spare) rows
           0 (      0 spare) structural columns
           0 (      0 spare) non-zero elements
Global Statistics
           0 entities        0 sets        0 set members
 
Reading Problem 
Problem Statistics
           0 (      0 spare) rows
           0 (      0 spare) structural columns
           0 (      0 spare) non-zero elements
Global Statistics
           0 entities        0 sets        0 set members
FICO Xpress v8.9.0, Hyper, solve started 12:43:12, Aug 6, 2020
Heap usage: 1106KB (peak 1135KB, 1635KB system)
Maximizing MILP 
Original problem has:
      4352 rows         1240 cols        12572 elements       744 globals
Presolved problem has:
      1406 rows          388 cols         3762 elements         0 globals
LP relaxation tightened
Presolve finished in 0 seconds
Heap usage: 1411KB (peak 3383KB, 1637KB system)

Coefficient range                    original                 solved        
  Coefficients   [min,max] : [ 4.69e-04,  1.42e+00] / [ 3.58e-03,  1.00e+00]
  RHS and bounds [min,max] : [ 2.01e-02,  4.73e+03] / [ 2.45e-01,  5.10e+03]
  Objective      [min,max] : [ 1.92e+00,  1.92e+00] / [ 1.92e+00,  1.92e+00]
Autoscaling applied standard scaling

Will try to keep branch and bound tree memory usage below 4.7GB
Starting concurrent solve with dual

 Concurrent-Solve,   0s
            Dual        
    objective   sum inf 
 P  110815.69   .0000000
------- optimal --------
Concurrent statistics:
      Dual: 640 simplex iterations, 0.01s
Optimal solution found
 
   Its         Obj Value      S   Ninf  Nneg        Sum Inf  Time
   640       110815.6911      P      0     0        .000000     0
Dual solved problem
  640 simplex iterations in 0s

Final objective                       : 1.108156911270505e+05
  Max primal violation      (abs/rel) :       0.0 /       0.0
  Max dual violation        (abs/rel) :       0.0 /       0.0
  Max complementarity viol. (abs/rel) :       0.0 /       0.0

Starting root cutting & heuristics
 
 Its Type    BestSoln    BestBound   Sols    Add    Del     Gap     GInf   Time
c         110815.6911  110815.6911      1                  0.00%       0      0
 *** Search completed ***
Uncrunching matrix
Final MIP objective                   : 1.108156911270505e+05
Final MIP bound                       : 1.108156911270505e+05
  Solution time / primaldual integral :         0s/ 99.610054%
  Number of solutions found / nodes   :         1 /         1
  Max primal violation      (abs/rel) : 9.095e-13 / 9.095e-13
  Max integer violation     (abs    ) :       0.0
 
Reading Problem 
Problem Statistics
           0 (      0 spare) rows
           0 (      0 spare) structural columns
           0 (      0 spare) non-zero elements
Global Statistics
           0 entities        0 sets        0 set members
 
Reading Problem 
Problem Statistics
           0 (      0 spare) rows
           0 (      0 spare) structural columns
           0 (      0 spare) non-zero elements
Global Statistics
           0 entities        0 sets        0 set members
FICO Xpress v8.9.0, Hyper, solve started 12:52:08, Aug 6, 2020
Heap usage: 1105KB (peak 1134KB, 1635KB system)
Maximizing MILP 
Original problem has:
      4352 rows         1240 cols        12507 elements       744 globals
Presolved problem has:
      1406 rows          388 cols         3762 elements         0 globals
LP relaxation tightened
Presolve finished in 0 seconds
Heap usage: 1411KB (peak 3380KB, 1637KB system)

Coefficient range                    original                 solved        
  Coefficients   [min,max] : [ 4.69e-04,  1.42e+00] / [ 3.58e-03,  1.00e+00]
  RHS and bounds [min,max] : [ 2.01e-02,  4.73e+03] / [ 2.45e-01,  5.10e+03]
  Objective      [min,max] : [ 1.92e+00,  1.92e+00] / [ 1.92e+00,  1.92e+00]
Autoscaling applied standard scaling

Will try to keep branch and bound tree memory usage below 4.7GB
Starting concurrent solve with dual

 Concurrent-Solve,   0s
            Dual        
    objective   sum inf 
 P  110815.69   .0000000
------- optimal --------
Concurrent statistics:
      Dual: 640 simplex iterations, 0.01s
Optimal solution found
 
   Its         Obj Value      S   Ninf  Nneg        Sum Inf  Time
   640       110815.6911      P      0     0        .000000     0
Dual solved problem
  640 simplex iterations in 0s

Final objective                       : 1.108156911270505e+05
  Max primal violation      (abs/rel) :       0.0 /       0.0
  Max dual violation        (abs/rel) :       0.0 /       0.0
  Max complementarity viol. (abs/rel) :       0.0 /       0.0

Starting root cutting & heuristics
 
 Its Type    BestSoln    BestBound   Sols    Add    Del     Gap     GInf   Time
c         110815.6911  110815.6911      1                  0.00%       0      0
 *** Search completed ***
Uncrunching matrix
Final MIP objective                   : 1.108156911270505e+05
Final MIP bound                       : 1.108156911270505e+05
  Solution time / primaldual integral :         0s/ 99.714583%
  Number of solutions found / nodes   :         1 /         1
  Max primal violation      (abs/rel) : 9.095e-13 / 9.095e-13
  Max integer violation     (abs    ) :       0.0
 
Reading Problem 
Problem Statistics
           0 (      0 spare) rows
           0 (      0 spare) structural columns
           0 (      0 spare) non-zero elements
Global Statistics
           0 entities        0 sets        0 set members
 
Reading Problem 
Problem Statistics
           0 (      0 spare) rows
           0 (      0 spare) structural columns
           0 (      0 spare) non-zero elements
Global Statistics
           0 entities        0 sets        0 set members
FICO Xpress v8.9.0, Hyper, solve started 12:53:01, Aug 6, 2020
Heap usage: 1106KB (peak 1135KB, 1635KB system)
Maximizing MILP 
Original problem has:
      4352 rows         1240 cols        12572 elements       744 globals
Presolved problem has:
      1406 rows          388 cols         3762 elements         0 globals
LP relaxation tightened
Presolve finished in 0 seconds
Heap usage: 1433KB (peak 3405KB, 1637KB system)

Coefficient range                    original                 solved        
  Coefficients   [min,max] : [ 4.69e-04,  1.42e+00] / [ 3.58e-03,  1.00e+00]
  RHS and bounds [min,max] : [ 2.01e-02,  4.73e+03] / [ 2.45e-01,  5.10e+03]
  Objective      [min,max] : [ 1.92e+00,  1.92e+00] / [ 1.92e+00,  1.92e+00]
Autoscaling applied standard scaling

Will try to keep branch and bound tree memory usage below 4.7GB
Starting concurrent solve with dual

 Concurrent-Solve,   0s
            Dual        
    objective   sum inf 
 P  110815.69   .0000000
------- optimal --------
Concurrent statistics:
      Dual: 640 simplex iterations, 0.01s
Optimal solution found
 
   Its         Obj Value      S   Ninf  Nneg        Sum Inf  Time
   640       110815.6911      P      0     0        .000000     0
Dual solved problem
  640 simplex iterations in 0s

Final objective                       : 1.108156911270505e+05
  Max primal violation      (abs/rel) :       0.0 /       0.0
  Max dual violation        (abs/rel) :       0.0 /       0.0
  Max complementarity viol. (abs/rel) :       0.0 /       0.0

Starting root cutting & heuristics
 
 Its Type    BestSoln    BestBound   Sols    Add    Del     Gap     GInf   Time
c         110815.6911  110815.6911      1                  0.00%       0      0
 *** Search completed ***
Uncrunching matrix
Final MIP objective                   : 1.108156911270505e+05
Final MIP bound                       : 1.108156911270505e+05
  Solution time / primaldual integral :         0s/ 99.556522%
  Number of solutions found / nodes   :         1 /         1
  Max primal violation      (abs/rel) : 9.095e-13 / 9.095e-13
  Max integer violation     (abs    ) :       0.0
 
Reading Problem 
Problem Statistics
           0 (      0 spare) rows
           0 (      0 spare) structural columns
           0 (      0 spare) non-zero elements
Global Statistics
           0 entities        0 sets        0 set members
 
Reading Problem 
Problem Statistics
           0 (      0 spare) rows
           0 (      0 spare) structural columns
           0 (      0 spare) non-zero elements
Global Statistics
           0 entities        0 sets        0 set members
FICO Xpress v8.9.0, Hyper, solve started 12:54:28, Aug 6, 2020
Heap usage: 1113KB (peak 1142KB, 1635KB system)
Maximizing MILP 
Original problem has:
      4352 rows         1240 cols        12880 elements       744 globals
Presolved problem has:
      1419 rows          418 cols         3880 elements        30 globals
LP relaxation tightened
Presolve finished in 0 seconds
Heap usage: 1460KB (peak 3400KB, 1637KB system)

Coefficient range                    original                 solved        
  Coefficients   [min,max] : [ 4.69e-04,  1.42e+00] / [ 3.58e-03,  1.00e+00]
  RHS and bounds [min,max] : [ 2.01e-02,  4.73e+03] / [ 2.45e-01,  5.10e+03]
  Objective      [min,max] : [ 1.92e+00,  1.92e+00] / [ 1.92e+00,  1.92e+00]
Autoscaling applied standard scaling

Will try to keep branch and bound tree memory usage below 4.7GB
Fixed 388 (of 388) columns in 1 (of 1) subproblem

Starting concurrent solve with dual

 Concurrent-Solve,   0s
            Dual        
    objective   dual inf
 D  110815.69   .0000000
------- optimal --------
Concurrent statistics:
      Dual: 3 simplex iterations, 0.00s
Optimal solution found
 
   Its         Obj Value      S   Ninf  Nneg   Sum Dual Inf  Time
     3       110815.6911      D      0     0        .000000     0
Dual solved problem
  3 simplex iterations in 0s

Final objective                       : 1.108156911270505e+05
  Max primal violation      (abs/rel) :       0.0 /       0.0
  Max dual violation        (abs/rel) :       0.0 /       0.0
  Max complementarity viol. (abs/rel) :       0.0 /       0.0

Starting root cutting & heuristics
 
 Its Type    BestSoln    BestBound   Sols    Add    Del     Gap     GInf   Time
c         110815.6911  110815.6911      1                  0.00%       0      0
 *** Search completed ***
Uncrunching matrix
Final MIP objective                   : 1.108156911270505e+05
Final MIP bound                       : 1.108156911270505e+05
  Solution time / primaldual integral :         0s/ 99.801798%
  Number of solutions found / nodes   :         1 /         1
  Max primal violation      (abs/rel) : 9.095e-13 / 9.095e-13
  Max integer violation     (abs    ) :       0.0
 
Reading Problem 
Problem Statistics
           0 (      0 spare) rows
           0 (      0 spare) structural columns
           0 (      0 spare) non-zero elements
Global Statistics
           0 entities        0 sets        0 set members
 
Reading Problem 
Problem Statistics
           0 (      0 spare) rows
           0 (      0 spare) structural columns
           0 (      0 spare) non-zero elements
Global Statistics
           0 entities        0 sets        0 set members
FICO Xpress v8.9.0, Hyper, solve started 12:55:44, Aug 6, 2020
Heap usage: 1113KB (peak 1142KB, 1635KB system)
Maximizing MILP 
Original problem has:
      4352 rows         1240 cols        12872 elements       744 globals
Presolved problem has:
      1419 rows          415 cols         3872 elements        27 globals
LP relaxation tightened
Presolve finished in 0 seconds
Heap usage: 1460KB (peak 3400KB, 1637KB system)

Coefficient range                    original                 solved        
  Coefficients   [min,max] : [ 4.69e-04,  1.42e+00] / [ 3.58e-03,  1.00e+00]
  RHS and bounds [min,max] : [ 2.01e-02,  4.73e+03] / [ 2.45e-01,  5.10e+03]
  Objective      [min,max] : [ 1.92e+00,  1.92e+00] / [ 1.92e+00,  1.92e+00]
Autoscaling applied standard scaling

Will try to keep branch and bound tree memory usage below 4.7GB
Fixed 388 (of 388) columns in 1 (of 1) subproblem

Starting concurrent solve with dual

 Concurrent-Solve,   0s
            Dual        
    objective   dual inf
 D  110815.69   .0000000
------- optimal --------
Concurrent statistics:
      Dual: 3 simplex iterations, 0.00s
Optimal solution found
 
   Its         Obj Value      S   Ninf  Nneg   Sum Dual Inf  Time
     3       110815.6911      D      0     0        .000000     0
Dual solved problem
  3 simplex iterations in 0s

Final objective                       : 1.108156911270505e+05
  Max primal violation      (abs/rel) :       0.0 /       0.0
  Max dual violation        (abs/rel) :       0.0 /       0.0
  Max complementarity viol. (abs/rel) :       0.0 /       0.0

Starting root cutting & heuristics
 
 Its Type    BestSoln    BestBound   Sols    Add    Del     Gap     GInf   Time
c         110815.6911  110815.6911      1                  0.00%       0      0
 *** Search completed ***
Uncrunching matrix
Final MIP objective                   : 1.108156911270505e+05
Final MIP bound                       : 1.108156911270505e+05
  Solution time / primaldual integral :         0s/ 99.834194%
  Number of solutions found / nodes   :         1 /         1
  Max primal violation      (abs/rel) : 9.095e-13 / 9.095e-13
  Max integer violation     (abs    ) :       0.0
 
Reading Problem 
Problem Statistics
           0 (      0 spare) rows
           0 (      0 spare) structural columns
           0 (      0 spare) non-zero elements
Global Statistics
           0 entities        0 sets        0 set members
 
Reading Problem 
Problem Statistics
           0 (      0 spare) rows
           0 (      0 spare) structural columns
           0 (      0 spare) non-zero elements
Global Statistics
           0 entities        0 sets        0 set members
FICO Xpress v8.9.0, Hyper, solve started 12:59:54, Aug 6, 2020
Heap usage: 1111KB (peak 1140KB, 1635KB system)
Maximizing MILP 
Original problem has:
      4352 rows         1240 cols        12762 elements       744 globals
Presolved problem has:
      1421 rows          418 cols         3902 elements        30 globals
LP relaxation tightened
Presolve finished in 0 seconds
Heap usage: 1456KB (peak 3394KB, 1637KB system)

Coefficient range                    original                 solved        
  Coefficients   [min,max] : [ 4.69e-04,  1.42e+00] / [ 3.58e-03,  1.00e+00]
  RHS and bounds [min,max] : [ 2.01e-02,  4.73e+03] / [ 2.45e-01,  5.10e+03]
  Objective      [min,max] : [ 1.92e+00,  1.92e+00] / [ 1.92e+00,  1.92e+00]
Autoscaling applied standard scaling

Will try to keep branch and bound tree memory usage below 4.7GB
Fixed 388 (of 388) columns in 1 (of 1) subproblem

Starting concurrent solve with dual

 Concurrent-Solve,   0s
            Dual        
    objective   dual inf
 D  110815.69   .0000000
------- optimal --------
Concurrent statistics:
      Dual: 4 simplex iterations, 0.00s
Optimal solution found
 
   Its         Obj Value      S   Ninf  Nneg   Sum Dual Inf  Time
     4       110815.6911      D      0     0        .000000     0
Dual solved problem
  4 simplex iterations in 0s

Final objective                       : 1.108156911270505e+05
  Max primal violation      (abs/rel) :       0.0 /       0.0
  Max dual violation        (abs/rel) :       0.0 /       0.0
  Max complementarity viol. (abs/rel) :       0.0 /       0.0

Starting root cutting & heuristics
 
 Its Type    BestSoln    BestBound   Sols    Add    Del     Gap     GInf   Time
c         110815.6911  110815.6911      1                  0.00%       0      0
 *** Search completed ***
Uncrunching matrix
Final MIP objective                   : 1.108156911270505e+05
Final MIP bound                       : 1.108156911270505e+05
  Solution time / primaldual integral :         0s/ 99.810057%
  Number of solutions found / nodes   :         1 /         1
  Max primal violation      (abs/rel) : 9.095e-13 / 9.095e-13
  Max integer violation     (abs    ) :       0.0
 
Reading Problem 
Problem Statistics
           0 (      0 spare) rows
           0 (      0 spare) structural columns
           0 (      0 spare) non-zero elements
Global Statistics
           0 entities        0 sets        0 set members
 
Reading Problem 
Problem Statistics
           0 (      0 spare) rows
           0 (      0 spare) structural columns
           0 (      0 spare) non-zero elements
Global Statistics
           0 entities        0 sets        0 set members
FICO Xpress v8.9.0, Hyper, solve started 13:03:10, Aug 6, 2020
Heap usage: 1113KB (peak 1142KB, 1635KB system)
Maximizing MILP 
Original problem has:
      4352 rows         1240 cols        12872 elements       744 globals
Presolved problem has:
      1421 rows          418 cols         3897 elements        30 globals
LP relaxation tightened
Presolve finished in 0 seconds
Heap usage: 1460KB (peak 3400KB, 1637KB system)

Coefficient range                    original                 solved        
  Coefficients   [min,max] : [ 4.69e-04,  1.42e+00] / [ 3.58e-03,  1.00e+00]
  RHS and bounds [min,max] : [ 2.01e-02,  4.73e+03] / [ 2.45e-01,  5.10e+03]
  Objective      [min,max] : [ 1.92e+00,  1.92e+00] / [ 1.92e+00,  1.92e+00]
Autoscaling applied standard scaling

Will try to keep branch and bound tree memory usage below 4.7GB
Fixed 388 (of 388) columns in 1 (of 1) subproblem

Starting concurrent solve with dual

 Concurrent-Solve,   0s
            Dual        
    objective   dual inf
 D  110815.69   .0000000
------- optimal --------
Concurrent statistics:
      Dual: 5 simplex iterations, 0.00s
Optimal solution found
 
   Its         Obj Value      S   Ninf  Nneg   Sum Dual Inf  Time
     5       110815.6911      D      0     0        .000000     0
Dual solved problem
  5 simplex iterations in 0s

Final objective                       : 1.108156911270505e+05
  Max primal violation      (abs/rel) :       0.0 /       0.0
  Max dual violation        (abs/rel) :       0.0 /       0.0
  Max complementarity viol. (abs/rel) :       0.0 /       0.0

Starting root cutting & heuristics
 
 Its Type    BestSoln    BestBound   Sols    Add    Del     Gap     GInf   Time
c         110815.6911  110815.6911      1                  0.00%       0      0
 *** Search completed ***
Uncrunching matrix
Final MIP objective                   : 1.108156911270505e+05
Final MIP bound                       : 1.108156911270505e+05
  Solution time / primaldual integral :         0s/ 99.833452%
  Number of solutions found / nodes   :         1 /         1
  Max primal violation      (abs/rel) : 9.095e-13 / 9.095e-13
  Max integer violation     (abs    ) :       0.0
 
Reading Problem 
Problem Statistics
           0 (      0 spare) rows
           0 (      0 spare) structural columns
           0 (      0 spare) non-zero elements
Global Statistics
           0 entities        0 sets        0 set members
 
Reading Problem 
Problem Statistics
           0 (      0 spare) rows
           0 (      0 spare) structural columns
           0 (      0 spare) non-zero elements
Global Statistics
           0 entities        0 sets        0 set members
FICO Xpress v8.9.0, Hyper, solve started 13:04:15, Aug 6, 2020
Heap usage: 1108KB (peak 1137KB, 1635KB system)
Maximizing MILP 
Original problem has:
      4352 rows         1240 cols        12652 elements       744 globals
Presolved problem has:
      1406 rows          388 cols         3762 elements         0 globals
LP relaxation tightened
Presolve finished in 0 seconds
Heap usage: 1414KB (peak 3388KB, 1637KB system)

Coefficient range                    original                 solved        
  Coefficients   [min,max] : [ 4.69e-04,  1.42e+00] / [ 3.58e-03,  1.00e+00]
  RHS and bounds [min,max] : [ 2.01e-02,  4.73e+03] / [ 2.45e-01,  5.10e+03]
  Objective      [min,max] : [ 1.92e+00,  1.92e+00] / [ 1.92e+00,  1.92e+00]
Autoscaling applied standard scaling

Will try to keep branch and bound tree memory usage below 4.6GB
Starting concurrent solve with dual

 Concurrent-Solve,   0s
            Dual        
    objective   sum inf 
 P  110815.69   .0000000
------- optimal --------
Concurrent statistics:
      Dual: 640 simplex iterations, 0.01s
Optimal solution found
 
   Its         Obj Value      S   Ninf  Nneg        Sum Inf  Time
   640       110815.6911      P      0     0        .000000     0
Dual solved problem
  640 simplex iterations in 0s

Final objective                       : 1.108156911270505e+05
  Max primal violation      (abs/rel) :       0.0 /       0.0
  Max dual violation        (abs/rel) :       0.0 /       0.0
  Max complementarity viol. (abs/rel) :       0.0 /       0.0

Starting root cutting & heuristics
 
 Its Type    BestSoln    BestBound   Sols    Add    Del     Gap     GInf   Time
c         110815.6911  110815.6911      1                  0.00%       0      0
 *** Search completed ***
Uncrunching matrix
Final MIP objective                   : 1.108156911270505e+05
Final MIP bound                       : 1.108156911270505e+05
  Solution time / primaldual integral :         0s/ 99.672934%
  Number of solutions found / nodes   :         1 /         1
  Max primal violation      (abs/rel) : 9.095e-13 / 9.095e-13
  Max integer violation     (abs    ) :       0.0
 
Reading Problem 
Problem Statistics
           0 (      0 spare) rows
           0 (      0 spare) structural columns
           0 (      0 spare) non-zero elements
Global Statistics
           0 entities        0 sets        0 set members
 
Reading Problem 
Problem Statistics
           0 (      0 spare) rows
           0 (      0 spare) structural columns
           0 (      0 spare) non-zero elements
Global Statistics
           0 entities        0 sets        0 set members
FICO Xpress v8.9.0, Hyper, solve started 13:15:01, Aug 6, 2020
Heap usage: 1108KB (peak 1138KB, 1635KB system)
Maximizing MILP 
Original problem has:
      4352 rows         1240 cols        12672 elements       744 globals
Presolved problem has:
      1406 rows          388 cols         3762 elements         0 globals
LP relaxation tightened
Presolve finished in 0 seconds
Heap usage: 1414KB (peak 3389KB, 1637KB system)

Coefficient range                    original                 solved        
  Coefficients   [min,max] : [ 4.69e-04,  1.42e+00] / [ 3.58e-03,  1.00e+00]
  RHS and bounds [min,max] : [ 2.01e-02,  4.73e+03] / [ 2.45e-01,  5.10e+03]
  Objective      [min,max] : [ 1.92e+00,  1.92e+00] / [ 1.92e+00,  1.92e+00]
Autoscaling applied standard scaling

Will try to keep branch and bound tree memory usage below 4.7GB
Starting concurrent solve with dual

 Concurrent-Solve,   0s
            Dual        
    objective   sum inf 
 P  110815.69   .0000000
------- optimal --------
Concurrent statistics:
      Dual: 640 simplex iterations, 0.01s
Optimal solution found
 
   Its         Obj Value      S   Ninf  Nneg        Sum Inf  Time
   640       110815.6911      P      0     0        .000000     0
Dual solved problem
  640 simplex iterations in 0s

Final objective                       : 1.108156911270505e+05
  Max primal violation      (abs/rel) :       0.0 /       0.0
  Max dual violation        (abs/rel) :       0.0 /       0.0
  Max complementarity viol. (abs/rel) :       0.0 /       0.0

Starting root cutting & heuristics
 
 Its Type    BestSoln    BestBound   Sols    Add    Del     Gap     GInf   Time
c         110815.6911  110815.6911      1                  0.00%       0      0
 *** Search completed ***
Uncrunching matrix
Final MIP objective                   : 1.108156911270505e+05
Final MIP bound                       : 1.108156911270505e+05
  Solution time / primaldual integral :         0s/ 99.601178%
  Number of solutions found / nodes   :         1 /         1
  Max primal violation      (abs/rel) : 9.095e-13 / 9.095e-13
  Max integer violation     (abs    ) :       0.0
 
Reading Problem 
Problem Statistics
           0 (      0 spare) rows
           0 (      0 spare) structural columns
           0 (      0 spare) non-zero elements
Global Statistics
           0 entities        0 sets        0 set members
 
Reading Problem 
Problem Statistics
           0 (      0 spare) rows
           0 (      0 spare) structural columns
           0 (      0 spare) non-zero elements
Global Statistics
           0 entities        0 sets        0 set members
FICO Xpress v8.9.0, Hyper, solve started 13:27:24, Aug 6, 2020
Heap usage: 1108KB (peak 1137KB, 1635KB system)
Maximizing MILP 
Original problem has:
      4352 rows         1240 cols        12652 elements       744 globals
Presolved problem has:
      1406 rows          388 cols         3762 elements         0 globals
LP relaxation tightened
Presolve finished in 0 seconds
Heap usage: 1414KB (peak 3388KB, 1637KB system)

Coefficient range                    original                 solved        
  Coefficients   [min,max] : [ 4.69e-04,  1.42e+00] / [ 3.58e-03,  1.00e+00]
  RHS and bounds [min,max] : [ 2.01e-02,  4.73e+03] / [ 2.45e-01,  5.10e+03]
  Objective      [min,max] : [ 1.92e+00,  1.92e+00] / [ 1.92e+00,  1.92e+00]
Autoscaling applied standard scaling

Will try to keep branch and bound tree memory usage below 4.7GB
Starting concurrent solve with dual

 Concurrent-Solve,   0s
            Dual        
    objective   sum inf 
 P  110815.69   .0000000
------- optimal --------
Concurrent statistics:
      Dual: 640 simplex iterations, 0.01s
Optimal solution found
 
   Its         Obj Value      S   Ninf  Nneg        Sum Inf  Time
   640       110815.6911      P      0     0        .000000     0
Dual solved problem
  640 simplex iterations in 0s

Final objective                       : 1.108156911270505e+05
  Max primal violation      (abs/rel) :       0.0 /       0.0
  Max dual violation        (abs/rel) :       0.0 /       0.0
  Max complementarity viol. (abs/rel) :       0.0 /       0.0

Starting root cutting & heuristics
 
 Its Type    BestSoln    BestBound   Sols    Add    Del     Gap     GInf   Time
c         110815.6911  110815.6911      1                  0.00%       0      0
 *** Search completed ***
Uncrunching matrix
Final MIP objective                   : 1.108156911270505e+05
Final MIP bound                       : 1.108156911270505e+05
  Solution time / primaldual integral :         0s/ 99.760246%
  Number of solutions found / nodes   :         1 /         1
  Max primal violation      (abs/rel) : 9.095e-13 / 9.095e-13
  Max integer violation     (abs    ) :       0.0
 
Reading Problem 
Problem Statistics
           0 (      0 spare) rows
           0 (      0 spare) structural columns
           0 (      0 spare) non-zero elements
Global Statistics
           0 entities        0 sets        0 set members
 
Reading Problem 
Problem Statistics
           0 (      0 spare) rows
           0 (      0 spare) structural columns
           0 (      0 spare) non-zero elements
Global Statistics
           0 entities        0 sets        0 set members
FICO Xpress v8.9.0, Hyper, solve started 13:31:32, Aug 6, 2020
Heap usage: 1108KB (peak 1138KB, 1635KB system)
Maximizing MILP 
Original problem has:
      4352 rows         1240 cols        12672 elements       744 globals
Presolved problem has:
      1406 rows          388 cols         3762 elements         0 globals
LP relaxation tightened
Presolve finished in 0 seconds
Heap usage: 1436KB (peak 3411KB, 1637KB system)

Coefficient range                    original                 solved        
  Coefficients   [min,max] : [ 4.69e-04,  1.42e+00] / [ 3.58e-03,  1.00e+00]
  RHS and bounds [min,max] : [ 2.01e-02,  4.73e+03] / [ 2.45e-01,  5.10e+03]
  Objective      [min,max] : [ 1.92e+00,  1.92e+00] / [ 1.92e+00,  1.92e+00]
Autoscaling applied standard scaling

Will try to keep branch and bound tree memory usage below 4.6GB
Starting concurrent solve with dual

 Concurrent-Solve,   0s
            Dual        
    objective   sum inf 
 P  110815.69   .0000000
------- optimal --------
Concurrent statistics:
      Dual: 640 simplex iterations, 0.01s
Optimal solution found
 
   Its         Obj Value      S   Ninf  Nneg        Sum Inf  Time
   640       110815.6911      P      0     0        .000000     0
Dual solved problem
  640 simplex iterations in 0s

Final objective                       : 1.108156911270505e+05
  Max primal violation      (abs/rel) :       0.0 /       0.0
  Max dual violation        (abs/rel) :       0.0 /       0.0
  Max complementarity viol. (abs/rel) :       0.0 /       0.0

Starting root cutting & heuristics
 
 Its Type    BestSoln    BestBound   Sols    Add    Del     Gap     GInf   Time
c         110815.6911  110815.6911      1                  0.00%       0      0
 *** Search completed ***
Uncrunching matrix
Final MIP objective                   : 1.108156911270505e+05
Final MIP bound                       : 1.108156911270505e+05
  Solution time / primaldual integral :         0s/ 99.631812%
  Number of solutions found / nodes   :         1 /         1
  Max primal violation      (abs/rel) : 9.095e-13 / 9.095e-13
  Max integer violation     (abs    ) :       0.0
 
Reading Problem 
Problem Statistics
           0 (      0 spare) rows
           0 (      0 spare) structural columns
           0 (      0 spare) non-zero elements
Global Statistics
           0 entities        0 sets        0 set members
 
Reading Problem 
Problem Statistics
           0 (      0 spare) rows
           0 (      0 spare) structural columns
           0 (      0 spare) non-zero elements
Global Statistics
           0 entities        0 sets        0 set members
FICO Xpress v8.9.0, Hyper, solve started 13:32:49, Aug 6, 2020
Heap usage: 1116KB (peak 1145KB, 1635KB system)
Maximizing MILP 
Original problem has:
      4352 rows         1240 cols        13000 elements       744 globals
Presolved problem has:
      1422 rows          423 cols         3928 elements        35 globals
LP relaxation tightened
Presolve finished in 0 seconds
Heap usage: 1465KB (peak 3407KB, 1637KB system)

Coefficient range                    original                 solved        
  Coefficients   [min,max] : [ 4.69e-04,  1.42e+00] / [ 3.58e-03,  1.00e+00]
  RHS and bounds [min,max] : [ 2.01e-02,  4.73e+03] / [ 2.45e-01,  5.10e+03]
  Objective      [min,max] : [ 1.92e+00,  1.92e+00] / [ 1.92e+00,  1.92e+00]
Autoscaling applied standard scaling

Will try to keep branch and bound tree memory usage below 4.7GB
Fixed 388 (of 388) columns in 1 (of 1) subproblem

Starting concurrent solve with dual

 Concurrent-Solve,   0s
            Dual        
    objective   dual inf
 D  110815.69   .0000000
------- optimal --------
Concurrent statistics:
      Dual: 4 simplex iterations, 0.00s
Optimal solution found
 
   Its         Obj Value      S   Ninf  Nneg   Sum Dual Inf  Time
     4       110815.6911      D      0     0        .000000     0
Dual solved problem
  4 simplex iterations in 0s

Final objective                       : 1.108156911270505e+05
  Max primal violation      (abs/rel) :       0.0 /       0.0
  Max dual violation        (abs/rel) :       0.0 /       0.0
  Max complementarity viol. (abs/rel) :       0.0 /       0.0

Starting root cutting & heuristics
 
 Its Type    BestSoln    BestBound   Sols    Add    Del     Gap     GInf   Time
c         110815.6911  110815.6911      1                  0.00%       0      0
 *** Search completed ***
Uncrunching matrix
Final MIP objective                   : 1.108156911270505e+05
Final MIP bound                       : 1.108156911270505e+05
  Solution time / primaldual integral :         0s/ 99.865787%
  Number of solutions found / nodes   :         1 /         1
  Max primal violation      (abs/rel) : 9.095e-13 / 9.095e-13
  Max integer violation     (abs    ) :       0.0
 
Reading Problem 
Problem Statistics
           0 (      0 spare) rows
           0 (      0 spare) structural columns
           0 (      0 spare) non-zero elements
Global Statistics
           0 entities        0 sets        0 set members
 
Reading Problem 
Problem Statistics
           0 (      0 spare) rows
           0 (      0 spare) structural columns
           0 (      0 spare) non-zero elements
Global Statistics
           0 entities        0 sets        0 set members
FICO Xpress v8.9.0, Hyper, solve started 13:33:49, Aug 6, 2020
Heap usage: 1117KB (peak 1146KB, 1635KB system)
Maximizing MILP 
Original problem has:
      4352 rows         1240 cols        13032 elements       744 globals
Presolved problem has:
      1437 rows          456 cols         4077 elements        68 globals
LP relaxation tightened
Presolve finished in 0 seconds
Heap usage: 1472KB (peak 3408KB, 1637KB system)

Coefficient range                    original                 solved        
  Coefficients   [min,max] : [ 4.69e-04,  1.42e+00] / [ 3.58e-03,  1.00e+00]
  RHS and bounds [min,max] : [ 2.01e-02,  4.73e+03] / [ 2.45e-01,  5.10e+03]
  Objective      [min,max] : [ 1.92e+00,  1.92e+00] / [ 1.92e+00,  1.92e+00]
Autoscaling applied standard scaling

Will try to keep branch and bound tree memory usage below 4.7GB
Fixed 421 (of 421) columns in 2 (of 2) subproblems

Starting concurrent solve with dual

 Concurrent-Solve,   0s
            Dual        
    objective   dual inf
 D  110815.69   .0000000
------- optimal --------
Concurrent statistics:
      Dual: 4 simplex iterations, 0.00s
Optimal solution found
 
   Its         Obj Value      S   Ninf  Nneg   Sum Dual Inf  Time
     4       110815.6911      D      0     0        .000000     0
Dual solved problem
  4 simplex iterations in 0s

Final objective                       : 1.108156911270505e+05
  Max primal violation      (abs/rel) :       0.0 /       0.0
  Max dual violation        (abs/rel) :       0.0 /       0.0
  Max complementarity viol. (abs/rel) :       0.0 /       0.0

Starting root cutting & heuristics
 
 Its Type    BestSoln    BestBound   Sols    Add    Del     Gap     GInf   Time
k         110815.6911  110815.6911      1                  0.00%       0      0
 *** Search completed ***
Uncrunching matrix
Final MIP objective                   : 1.108156911270505e+05
Final MIP bound                       : 1.108156911270505e+05
  Solution time / primaldual integral :         0s/ 99.802070%
  Number of solutions found / nodes   :         1 /         1
  Max primal violation      (abs/rel) : 9.095e-13 / 9.095e-13
  Max integer violation     (abs    ) :       0.0
 
Reading Problem 
Problem Statistics
           0 (      0 spare) rows
           0 (      0 spare) structural columns
           0 (      0 spare) non-zero elements
Global Statistics
           0 entities        0 sets        0 set members
 
Reading Problem 
Problem Statistics
           0 (      0 spare) rows
           0 (      0 spare) structural columns
           0 (      0 spare) non-zero elements
Global Statistics
           0 entities        0 sets        0 set members
FICO Xpress v8.9.0, Hyper, solve started 13:35:02, Aug 6, 2020
Heap usage: 1116KB (peak 1145KB, 1635KB system)
Maximizing MILP 
Original problem has:
      4352 rows         1240 cols        12982 elements       744 globals
Presolved problem has:
      1420 rows          418 cols         3893 elements        30 globals
LP relaxation tightened
Presolve finished in 0 seconds
Heap usage: 1464KB (peak 3406KB, 1637KB system)

Coefficient range                    original                 solved        
  Coefficients   [min,max] : [ 4.69e-04,  1.42e+00] / [ 3.58e-03,  1.00e+00]
  RHS and bounds [min,max] : [ 2.01e-02,  4.73e+03] / [ 2.45e-01,  5.10e+03]
  Objective      [min,max] : [ 1.92e+00,  1.92e+00] / [ 1.92e+00,  1.92e+00]
Autoscaling applied standard scaling

Symmetric problem: generators: 1, support set: 8
 Number of orbits: 4, largest orbit: 2
 Row orbits: 1, row support: 2
Will try to keep branch and bound tree memory usage below 4.7GB
Fixed 388 (of 388) columns in 1 (of 1) subproblem

Starting concurrent solve with dual

 Concurrent-Solve,   0s
            Dual        
    objective   dual inf
 D  110815.69   .0000000
------- optimal --------
Concurrent statistics:
      Dual: 3 simplex iterations, 0.00s
Optimal solution found
 
   Its         Obj Value      S   Ninf  Nneg   Sum Dual Inf  Time
     3       110815.6911      D      0     0        .000000     0
Dual solved problem
  3 simplex iterations in 0s

Final objective                       : 1.108156911270505e+05
  Max primal violation      (abs/rel) :       0.0 /       0.0
  Max dual violation        (abs/rel) :       0.0 /       0.0
  Max complementarity viol. (abs/rel) :       0.0 /       0.0

Starting root cutting & heuristics
 
 Its Type    BestSoln    BestBound   Sols    Add    Del     Gap     GInf   Time
c         110815.6911  110815.6911      1                  0.00%       0      0
 *** Search completed ***
Uncrunching matrix
Final MIP objective                   : 1.108156911270505e+05
Final MIP bound                       : 1.108156911270505e+05
  Solution time / primaldual integral :         0s/ 99.652600%
  Number of solutions found / nodes   :         1 /         1
  Max primal violation      (abs/rel) : 9.095e-13 / 9.095e-13
  Max integer violation     (abs    ) :       0.0
 
Reading Problem 
Problem Statistics
           0 (      0 spare) rows
           0 (      0 spare) structural columns
           0 (      0 spare) non-zero elements
Global Statistics
           0 entities        0 sets        0 set members
 
Reading Problem 
Problem Statistics
           0 (      0 spare) rows
           0 (      0 spare) structural columns
           0 (      0 spare) non-zero elements
Global Statistics
           0 entities        0 sets        0 set members
FICO Xpress v8.9.0, Hyper, solve started 13:35:54, Aug 6, 2020
Heap usage: 1117KB (peak 1146KB, 1635KB system)
Maximizing MILP 
Original problem has:
      4352 rows         1240 cols        13032 elements       744 globals
Presolved problem has:
      1436 rows          449 cols         4042 elements        61 globals
LP relaxation tightened
Presolve finished in 0 seconds
Heap usage: 1471KB (peak 3408KB, 1637KB system)

Coefficient range                    original                 solved        
  Coefficients   [min,max] : [ 4.69e-04,  1.42e+00] / [ 3.58e-03,  1.00e+00]
  RHS and bounds [min,max] : [ 2.01e-02,  4.73e+03] / [ 2.45e-01,  5.10e+03]
  Objective      [min,max] : [ 1.92e+00,  1.92e+00] / [ 1.92e+00,  1.92e+00]
Autoscaling applied standard scaling

Will try to keep branch and bound tree memory usage below 4.6GB
Fixed 415 (of 415) columns in 2 (of 2) subproblems

Starting concurrent solve with dual

 Concurrent-Solve,   0s
            Dual        
    objective   dual inf
 D  110815.69   .0000000
------- optimal --------
Concurrent statistics:
      Dual: 4 simplex iterations, 0.00s
Optimal solution found
 
   Its         Obj Value      S   Ninf  Nneg   Sum Dual Inf  Time
     4       110815.6911      D      0     0        .000000     0
Dual solved problem
  4 simplex iterations in 0s

Final objective                       : 1.108156911270505e+05
  Max primal violation      (abs/rel) :       0.0 /       0.0
  Max dual violation        (abs/rel) :       0.0 /       0.0
  Max complementarity viol. (abs/rel) :       0.0 /       0.0

Starting root cutting & heuristics
 
 Its Type    BestSoln    BestBound   Sols    Add    Del     Gap     GInf   Time
k         110815.6911  110815.6911      1                  0.00%       0      0
 *** Search completed ***
Uncrunching matrix
Final MIP objective                   : 1.108156911270505e+05
Final MIP bound                       : 1.108156911270505e+05
  Solution time / primaldual integral :         0s/ 99.688218%
  Number of solutions found / nodes   :         1 /         1
  Max primal violation      (abs/rel) : 9.095e-13 / 9.095e-13
  Max integer violation     (abs    ) :       0.0
 
Reading Problem 
Problem Statistics
           0 (      0 spare) rows
           0 (      0 spare) structural columns
           0 (      0 spare) non-zero elements
Global Statistics
           0 entities        0 sets        0 set members
 
Reading Problem 
Problem Statistics
           0 (      0 spare) rows
           0 (      0 spare) structural columns
           0 (      0 spare) non-zero elements
Global Statistics
           0 entities        0 sets        0 set members
FICO Xpress v8.9.0, Hyper, solve started 13:36:51, Aug 6, 2020
Heap usage: 996KB (peak 1025KB, 1635KB system)
Maximizing MILP 
Original problem has:
      4335 rows          713 cols        12192 elements       217 globals
Presolved problem has:
      1406 rows          388 cols         3762 elements         0 globals
LP relaxation tightened
Presolve finished in 0 seconds
Heap usage: 1177KB (peak 2974KB, 1637KB system)

Coefficient range                    original                 solved        
  Coefficients   [min,max] : [ 4.69e-04,  1.42e+00] / [ 3.58e-03,  1.00e+00]
  RHS and bounds [min,max] : [ 2.01e-02,  4.73e+03] / [ 2.45e-01,  5.10e+03]
  Objective      [min,max] : [ 1.92e+00,  1.92e+00] / [ 1.92e+00,  1.92e+00]
Autoscaling applied standard scaling

Will try to keep branch and bound tree memory usage below 4.7GB
Starting concurrent solve with dual

 Concurrent-Solve,   0s
            Dual        
    objective   sum inf 
 P  110815.69   .0000000
------- optimal --------
Concurrent statistics:
      Dual: 640 simplex iterations, 0.01s
Optimal solution found
 
   Its         Obj Value      S   Ninf  Nneg        Sum Inf  Time
   640       110815.6911      P      0     0        .000000     0
Dual solved problem
  640 simplex iterations in 0s

Final objective                       : 1.108156911270505e+05
  Max primal violation      (abs/rel) :       0.0 /       0.0
  Max dual violation        (abs/rel) :       0.0 /       0.0
  Max complementarity viol. (abs/rel) :       0.0 /       0.0

Starting root cutting & heuristics
 
 Its Type    BestSoln    BestBound   Sols    Add    Del     Gap     GInf   Time
c         110815.6911  110815.6911      1                  0.00%       0      0
 *** Search completed ***
Uncrunching matrix
Final MIP objective                   : 1.108156911270505e+05
Final MIP bound                       : 1.108156911270505e+05
  Solution time / primaldual integral :         0s/ 99.576331%
  Number of solutions found / nodes   :         1 /         1
  Max primal violation      (abs/rel) : 9.095e-13 / 9.095e-13
  Max integer violation     (abs    ) :       0.0
